# Logfile created on Mon May 03 15:58:24 +0100 2010  [4;36;1mSQL (0.2ms)[0m   [0;1mSET SQL_AUTO_IS_NULL=0[0m
  [4;35;1mSQL (0.3ms)[0m   [0mSHOW TABLES[0m
  [4;36;1mSQL (0.5ms)[0m   [0;1mSHOW TABLES[0m
  [4;35;1mSQL (0.3ms)[0m   [0mSHOW TABLES[0m
  [4;36;1mSQL (26.6ms)[0m   [0;1mCREATE TABLE `schema_migrations` (`version` varchar(255) NOT NULL) ENGINE=InnoDB[0m
  [4;35;1mSQL (27.4ms)[0m   [0mCREATE UNIQUE INDEX `unique_schema_migrations` ON `schema_migrations` (`version`)[0m
  [4;36;1mSQL (0.3ms)[0m   [0;1mSHOW TABLES[0m
  [4;35;1mSQL (0.4ms)[0m   [0mSELECT version FROM schema_migrations[0m
Migrating to CreateRadiantTables (1)
  [4;36;1mSQL (0.5ms)[0m   [0;1mSHOW TABLES[0m
  [4;35;1mSQL (2.6ms)[0m   [0mCREATE TABLE `config` (`id` int(11) DEFAULT NULL auto_increment PRIMARY KEY, `key` varchar(40) DEFAULT '' NOT NULL, `value` varchar(255) DEFAULT '') ENGINE=InnoDB[0m
  [4;36;1mSQL (5.4ms)[0m   [0;1mCREATE UNIQUE INDEX `key` ON `config` (`key`)[0m
  [4;35;1mSQL (0.3ms)[0m   [0mSHOW TABLES[0m
  [4;36;1mSQL (3.6ms)[0m   [0;1mCREATE TABLE `pages` (`id` int(11) DEFAULT NULL auto_increment PRIMARY KEY, `title` varchar(255), `slug` varchar(100), `breadcrumb` varchar(160), `behavior` varchar(25), `status_id` int(11) DEFAULT 1 NOT NULL, `parent_id` int(11), `layout_id` int(11), `created_at` datetime, `updated_at` datetime, `published_at` datetime, `created_by` int(11), `updated_by` int(11)) ENGINE=InnoDB[0m
  [4;35;1mSQL (0.4ms)[0m   [0mSHOW TABLES[0m
  [4;36;1mSQL (3.2ms)[0m   [0;1mCREATE TABLE `page_parts` (`id` int(11) DEFAULT NULL auto_increment PRIMARY KEY, `name` varchar(100), `filter` varchar(25), `content` text, `page_id` int(11)) ENGINE=InnoDB[0m
  [4;35;1mSQL (0.4ms)[0m   [0mSHOW TABLES[0m
  [4;36;1mSQL (2.8ms)[0m   [0;1mCREATE TABLE `snippets` (`id` int(11) DEFAULT NULL auto_increment PRIMARY KEY, `name` varchar(100) DEFAULT '' NOT NULL, `filter` varchar(25), `content` text, `created_at` datetime, `updated_at` datetime, `created_by` int(11), `updated_by` int(11)) ENGINE=InnoDB[0m
  [4;35;1mSQL (5.3ms)[0m   [0mCREATE UNIQUE INDEX `name` ON `snippets` (`name`)[0m
  [4;36;1mSQL (0.4ms)[0m   [0;1mSHOW TABLES[0m
  [4;35;1mSQL (3.0ms)[0m   [0mCREATE TABLE `layouts` (`id` int(11) DEFAULT NULL auto_increment PRIMARY KEY, `name` varchar(100), `content` text, `created_at` datetime, `updated_at` datetime, `created_by` int(11), `updated_by` int(11)) ENGINE=InnoDB[0m
  [4;36;1mSQL (0.4ms)[0m   [0;1mSHOW TABLES[0m
  [4;35;1mSQL (3.3ms)[0m   [0mCREATE TABLE `users` (`id` int(11) DEFAULT NULL auto_increment PRIMARY KEY, `name` varchar(100), `email` varchar(255), `login` varchar(40) DEFAULT '' NOT NULL, `password` varchar(40), `admin` tinyint DEFAULT 0 NOT NULL, `developer` tinyint DEFAULT 0 NOT NULL, `created_at` datetime, `updated_at` datetime, `created_by` int(11), `updated_by` int(11)) ENGINE=InnoDB[0m
  [4;36;1mSQL (9.7ms)[0m   [0;1mCREATE UNIQUE INDEX `login` ON `users` (`login`)[0m
  [4;35;1mSQL (0.7ms)[0m   [0mINSERT INTO schema_migrations (version) VALUES ('1')[0m
Migrating to InsertInitialData (2)
  [4;36;1mSQL (0.6ms)[0m   [0;1mINSERT INTO schema_migrations (version) VALUES ('2')[0m
Migrating to RenameBehaviorColumn (3)
  [4;35;1mSQL (2.4ms)[0m   [0mSHOW FIELDS FROM `pages`[0m
  [4;36;1mSQL (1.3ms)[0m   [0;1mSHOW COLUMNS FROM `pages` LIKE 'behavior'[0m
  [4;35;1mSQL (8.7ms)[0m   [0mALTER TABLE `pages` CHANGE `behavior` `behavior_id` varchar(25) DEFAULT NULL[0m
  [4;36;1mSQL (0.6ms)[0m   [0;1mINSERT INTO schema_migrations (version) VALUES ('3')[0m
Migrating to RenameFilterColumn (4)
  [4;35;1mSQL (1.9ms)[0m   [0mSHOW FIELDS FROM `page_parts`[0m
  [4;36;1mSQL (2.3ms)[0m   [0;1mSHOW COLUMNS FROM `page_parts` LIKE 'filter'[0m
  [4;35;1mSQL (7.6ms)[0m   [0mALTER TABLE `page_parts` CHANGE `filter` `filter_id` varchar(25) DEFAULT NULL[0m
  [4;36;1mSQL (16.4ms)[0m   [0;1mSHOW FIELDS FROM `snippets`[0m
  [4;35;1mSQL (1.3ms)[0m   [0mSHOW COLUMNS FROM `snippets` LIKE 'filter'[0m
  [4;36;1mSQL (8.0ms)[0m   [0;1mALTER TABLE `snippets` CHANGE `filter` `filter_id` varchar(25) DEFAULT NULL[0m
  [4;35;1mSQL (0.7ms)[0m   [0mINSERT INTO schema_migrations (version) VALUES ('4')[0m
Migrating to AddVirtualColumnToPage (5)
  [4;36;1mSQL (7.3ms)[0m   [0;1mALTER TABLE `pages` ADD `virtual` tinyint(1) DEFAULT 0 NOT NULL[0m
  [4;35;1mSQL (0.6ms)[0m   [0mINSERT INTO schema_migrations (version) VALUES ('5')[0m
Migrating to IntegerColumnsToBoolean (6)
  [4;36;1mUser Load (0.5ms)[0m   [0;1mSELECT * FROM `users` ORDER BY name[0m
  [4;35;1mSQL (7.9ms)[0m   [0mALTER TABLE `users` DROP `admin`[0m
  [4;36;1mSQL (7.9ms)[0m   [0;1mALTER TABLE `users` ADD `admin` tinyint(1) DEFAULT 0 NOT NULL[0m
  [4;35;1mUser Load (0.6ms)[0m   [0mSELECT * FROM `users` ORDER BY name[0m
  [4;36;1mSQL (7.7ms)[0m   [0;1mALTER TABLE `users` DROP `developer`[0m
  [4;35;1mSQL (8.9ms)[0m   [0mALTER TABLE `users` ADD `developer` tinyint(1) DEFAULT 0 NOT NULL[0m
  [4;36;1mSQL (0.6ms)[0m   [0;1mINSERT INTO schema_migrations (version) VALUES ('6')[0m
Migrating to RemoveVirtualColumnFromPage (7)
  [4;35;1mSQL (10.2ms)[0m   [0mALTER TABLE `pages` DROP `virtual`[0m
  [4;36;1mSQL (0.8ms)[0m   [0;1mINSERT INTO schema_migrations (version) VALUES ('7')[0m
Migrating to AddVirtualColumnToPageAgain (8)
  [4;35;1mSQL (7.9ms)[0m   [0mALTER TABLE `pages` ADD `virtual` tinyint(1) DEFAULT 0 NOT NULL[0m
  [4;36;1mSQL (0.7ms)[0m   [0;1mINSERT INTO schema_migrations (version) VALUES ('8')[0m
Migrating to AddContentTypeFieldToLayout (9)
  [4;35;1mSQL (7.1ms)[0m   [0mALTER TABLE `layouts` ADD `content_type` varchar(40)[0m
  [4;36;1mSQL (0.7ms)[0m   [0;1mINSERT INTO schema_migrations (version) VALUES ('9')[0m
Migrating to MergeBehaviorsAndPages (10)
  [4;35;1mMergeBehaviorsAndPages::OldPage Load (0.8ms)[0m   [0mSELECT * FROM `pages` [0m
  [4;36;1mSQL (2.4ms)[0m   [0;1mSHOW FIELDS FROM `pages`[0m
  [4;35;1mSQL (1.3ms)[0m   [0mSHOW COLUMNS FROM `pages` LIKE 'behavior_id'[0m
  [4;36;1mSQL (8.2ms)[0m   [0;1mALTER TABLE `pages` CHANGE `behavior_id` `type` varchar(25) DEFAULT NULL[0m
  [4;35;1mSQL (0.6ms)[0m   [0mINSERT INTO schema_migrations (version) VALUES ('10')[0m
Migrating to RenameTypeColumnOnPageToClassName (11)
  [4;36;1mSQL (3.2ms)[0m   [0;1mSHOW FIELDS FROM `pages`[0m
  [4;35;1mSQL (1.2ms)[0m   [0mSHOW COLUMNS FROM `pages` LIKE 'type'[0m
  [4;36;1mSQL (8.7ms)[0m   [0;1mALTER TABLE `pages` CHANGE `type` `class_name` varchar(25) DEFAULT NULL[0m
  [4;35;1mSQL (0.8ms)[0m   [0mINSERT INTO schema_migrations (version) VALUES ('11')[0m
Migrating to CreateExtensionMeta (12)
  [4;36;1mSQL (0.6ms)[0m   [0;1mSHOW TABLES[0m
  [4;35;1mSQL (3.2ms)[0m   [0mCREATE TABLE `extension_meta` (`id` int(11) DEFAULT NULL auto_increment PRIMARY KEY, `name` varchar(255), `schema_version` int(11) DEFAULT 0, `enabled` tinyint(1) DEFAULT 1) ENGINE=InnoDB[0m
  [4;36;1mSQL (0.7ms)[0m   [0;1mINSERT INTO schema_migrations (version) VALUES ('12')[0m
Migrating to AddNotesFieldToUser (13)
  [4;35;1mSQL (8.2ms)[0m   [0mALTER TABLE `users` ADD `notes` text[0m
  [4;36;1mSQL (0.7ms)[0m   [0;1mINSERT INTO schema_migrations (version) VALUES ('13')[0m
Migrating to RenameConfigDefaultPartsKey (14)
  [4;35;1mRadiant::Config Columns (1.8ms)[0m   [0mSHOW FIELDS FROM `config`[0m
  [4;36;1mRadiant::Config Load (0.5ms)[0m   [0;1mSELECT * FROM `config` WHERE (`config`.`key` = 'default.parts') LIMIT 1[0m
  [4;35;1mSQL (0.8ms)[0m   [0mINSERT INTO schema_migrations (version) VALUES ('14')[0m
Migrating to AddOptimisticLocking (15)
  [4;36;1mSQL (8.5ms)[0m   [0;1mALTER TABLE `pages` ADD `lock_version` int(11) DEFAULT 0[0m
  [4;35;1mSQL (7.4ms)[0m   [0mALTER TABLE `layouts` ADD `lock_version` int(11) DEFAULT 0[0m
  [4;36;1mSQL (8.8ms)[0m   [0;1mALTER TABLE `snippets` ADD `lock_version` int(11) DEFAULT 0[0m
  [4;35;1mSQL (8.5ms)[0m   [0mALTER TABLE `users` ADD `lock_version` int(11) DEFAULT 0[0m
  [4;36;1mSQL (0.7ms)[0m   [0;1mINSERT INTO schema_migrations (version) VALUES ('15')[0m
Migrating to AddSessions (16)
  [4;35;1mSQL (3.2ms)[0m   [0mCREATE TABLE `sessions` (`id` int(11) DEFAULT NULL auto_increment PRIMARY KEY, `session_id` varchar(255), `data` text, `updated_at` datetime) ENGINE=InnoDB[0m
  [4;36;1mSQL (7.3ms)[0m   [0;1mCREATE INDEX `index_sessions_on_session_id` ON `sessions` (`session_id`)[0m
  [4;35;1mSQL (25.7ms)[0m   [0mCREATE INDEX `index_sessions_on_updated_at` ON `sessions` (`updated_at`)[0m
  [4;36;1mSQL (0.8ms)[0m   [0;1mINSERT INTO schema_migrations (version) VALUES ('16')[0m
Migrating to RenameCreatedByUpdatedByColumns (17)
  [4;35;1mSQL (2.4ms)[0m   [0mSHOW FIELDS FROM `pages`[0m
  [4;36;1mSQL (1.4ms)[0m   [0;1mSHOW COLUMNS FROM `pages` LIKE 'created_by'[0m
  [4;35;1mSQL (9.0ms)[0m   [0mALTER TABLE `pages` CHANGE `created_by` `created_by_id` int(11) DEFAULT NULL[0m
  [4;36;1mSQL (2.6ms)[0m   [0;1mSHOW FIELDS FROM `pages`[0m
  [4;35;1mSQL (1.2ms)[0m   [0mSHOW COLUMNS FROM `pages` LIKE 'updated_by'[0m
  [4;36;1mSQL (9.1ms)[0m   [0;1mALTER TABLE `pages` CHANGE `updated_by` `updated_by_id` int(11) DEFAULT NULL[0m
  [4;35;1mSQL (2.0ms)[0m   [0mSHOW FIELDS FROM `snippets`[0m
  [4;36;1mSQL (1.3ms)[0m   [0;1mSHOW COLUMNS FROM `snippets` LIKE 'created_by'[0m
  [4;35;1mSQL (8.2ms)[0m   [0mALTER TABLE `snippets` CHANGE `created_by` `created_by_id` int(11) DEFAULT NULL[0m
  [4;36;1mSQL (2.0ms)[0m   [0;1mSHOW FIELDS FROM `snippets`[0m
  [4;35;1mSQL (1.2ms)[0m   [0mSHOW COLUMNS FROM `snippets` LIKE 'updated_by'[0m
  [4;36;1mSQL (8.6ms)[0m   [0;1mALTER TABLE `snippets` CHANGE `updated_by` `updated_by_id` int(11) DEFAULT NULL[0m
  [4;35;1mSQL (1.9ms)[0m   [0mSHOW FIELDS FROM `layouts`[0m
  [4;36;1mSQL (1.4ms)[0m   [0;1mSHOW COLUMNS FROM `layouts` LIKE 'created_by'[0m
  [4;35;1mSQL (8.0ms)[0m   [0mALTER TABLE `layouts` CHANGE `created_by` `created_by_id` int(11) DEFAULT NULL[0m
  [4;36;1mSQL (1.7ms)[0m   [0;1mSHOW FIELDS FROM `layouts`[0m
  [4;35;1mSQL (1.4ms)[0m   [0mSHOW COLUMNS FROM `layouts` LIKE 'updated_by'[0m
  [4;36;1mSQL (7.9ms)[0m   [0;1mALTER TABLE `layouts` CHANGE `updated_by` `updated_by_id` int(11) DEFAULT NULL[0m
  [4;35;1mSQL (2.0ms)[0m   [0mSHOW FIELDS FROM `users`[0m
  [4;36;1mSQL (1.4ms)[0m   [0;1mSHOW COLUMNS FROM `users` LIKE 'created_by'[0m
  [4;35;1mSQL (9.0ms)[0m   [0mALTER TABLE `users` CHANGE `created_by` `created_by_id` int(11) DEFAULT NULL[0m
  [4;36;1mSQL (2.2ms)[0m   [0;1mSHOW FIELDS FROM `users`[0m
  [4;35;1mSQL (1.7ms)[0m   [0mSHOW COLUMNS FROM `users` LIKE 'updated_by'[0m
  [4;36;1mSQL (8.6ms)[0m   [0;1mALTER TABLE `users` CHANGE `updated_by` `updated_by_id` int(11) DEFAULT NULL[0m
  [4;35;1mSQL (0.7ms)[0m   [0mINSERT INTO schema_migrations (version) VALUES ('17')[0m
Migrating to AddDescriptionAndKeywordsToPages (18)
  [4;36;1mSQL (8.0ms)[0m   [0;1mALTER TABLE `pages` ADD `description` varchar(255)[0m
  [4;35;1mSQL (8.4ms)[0m   [0mALTER TABLE `pages` ADD `keywords` varchar(255)[0m
  [4;36;1mSQL (0.7ms)[0m   [0;1mINSERT INTO schema_migrations (version) VALUES ('18')[0m
Migrating to AddSaltToUsers (19)
  [4;35;1mSQL (8.7ms)[0m   [0mALTER TABLE `users` ADD `salt` varchar(255)[0m
  [4;36;1mUser Update (0.5ms)[0m   [0;1mUPDATE `users` SET `salt` = 'sweet harmonious biscuits' [0m
  [4;35;1mSQL (0.7ms)[0m   [0mINSERT INTO schema_migrations (version) VALUES ('19')[0m
Migrating to AddSessionInfoToUsers (20)
  [4;36;1mSQL (38.4ms)[0m   [0;1mALTER TABLE `users` ADD `session_token` varchar(255)[0m
  [4;35;1mSQL (9.3ms)[0m   [0mALTER TABLE `users` ADD `session_expire` datetime[0m
  [4;36;1mSQL (0.7ms)[0m   [0;1mINSERT INTO schema_migrations (version) VALUES ('20')[0m
Migrating to RemoveSessionExpireFromUsers (21)
  [4;35;1mSQL (9.3ms)[0m   [0mALTER TABLE `users` DROP `session_expire`[0m
  [4;36;1mSQL (0.6ms)[0m   [0;1mINSERT INTO schema_migrations (version) VALUES ('21')[0m
Migrating to AddIndexes (20081203140407)
  [4;35;1mSQL (8.6ms)[0m   [0mCREATE INDEX `pages_class_name` ON `pages` (`class_name`)[0m
  [4;36;1mSQL (8.5ms)[0m   [0;1mCREATE INDEX `pages_parent_id` ON `pages` (`parent_id`)[0m
  [4;35;1mSQL (9.7ms)[0m   [0mCREATE INDEX `pages_child_slug` ON `pages` (`slug`, `parent_id`)[0m
  [4;36;1mSQL (11.7ms)[0m   [0;1mCREATE INDEX `pages_published` ON `pages` (`virtual`, `status_id`)[0m
  [4;35;1mSQL (8.1ms)[0m   [0mCREATE INDEX `parts_by_page` ON `page_parts` (`page_id`, `name`)[0m
  [4;36;1mSQL (0.7ms)[0m   [0;1mINSERT INTO schema_migrations (version) VALUES ('20081203140407')[0m
Migrating to AddUserLanguage (20090226140109)
  [4;35;1mSQL (8.6ms)[0m   [0mALTER TABLE `users` ADD `language` varchar(255)[0m
  [4;36;1mSQL (0.7ms)[0m   [0;1mINSERT INTO schema_migrations (version) VALUES ('20090226140109')[0m
Migrating to RenameDeveloperRoleToDesigner (20090929164633)
  [4;35;1mSQL (2.9ms)[0m   [0mSHOW FIELDS FROM `users`[0m
  [4;36;1mSQL (1.2ms)[0m   [0;1mSHOW COLUMNS FROM `users` LIKE 'developer'[0m
  [4;35;1mSQL (9.0ms)[0m   [0mALTER TABLE `users` CHANGE `developer` `designer` tinyint(1) DEFAULT 0 NOT NULL[0m
  [4;36;1mSQL (0.7ms)[0m   [0;1mINSERT INTO schema_migrations (version) VALUES ('20090929164633')[0m
Migrating to ChangeUserLanguageToLocale (20091003095744)
  [4;35;1mSQL (2.9ms)[0m   [0mSHOW FIELDS FROM `users`[0m
  [4;36;1mSQL (1.3ms)[0m   [0;1mSHOW COLUMNS FROM `users` LIKE 'language'[0m
  [4;35;1mSQL (9.1ms)[0m   [0mALTER TABLE `users` CHANGE `language` `locale` varchar(255) DEFAULT NULL[0m
  [4;36;1mSQL (1.7ms)[0m   [0;1mINSERT INTO schema_migrations (version) VALUES ('20091003095744')[0m
  [4;35;1mSQL (0.6ms)[0m   [0mSHOW TABLES[0m
  [4;36;1mSQL (0.6ms)[0m   [0;1mSHOW TABLES[0m
  [4;35;1mSQL (0.5ms)[0m   [0mSELECT version FROM schema_migrations[0m
  [4;36;1mSQL (0.6ms)[0m   [0;1mSHOW TABLES[0m
  [4;35;1mSQL (1.7ms)[0m   [0mSHOW FIELDS FROM `config`[0m
  [4;36;1mSQL (1.5ms)[0m   [0;1mdescribe `config`[0m
  [4;35;1mSQL (0.7ms)[0m   [0mSHOW KEYS FROM `config`[0m
  [4;36;1mSQL (1.7ms)[0m   [0;1mSHOW FIELDS FROM `extension_meta`[0m
  [4;35;1mSQL (1.5ms)[0m   [0mdescribe `extension_meta`[0m
  [4;36;1mSQL (0.7ms)[0m   [0;1mSHOW KEYS FROM `extension_meta`[0m
  [4;35;1mSQL (2.0ms)[0m   [0mSHOW FIELDS FROM `layouts`[0m
  [4;36;1mSQL (1.8ms)[0m   [0;1mdescribe `layouts`[0m
  [4;35;1mSQL (0.7ms)[0m   [0mSHOW KEYS FROM `layouts`[0m
  [4;36;1mSQL (1.6ms)[0m   [0;1mSHOW FIELDS FROM `page_parts`[0m
  [4;35;1mSQL (1.5ms)[0m   [0mdescribe `page_parts`[0m
  [4;36;1mSQL (0.6ms)[0m   [0;1mSHOW KEYS FROM `page_parts`[0m
  [4;35;1mSQL (2.8ms)[0m   [0mSHOW FIELDS FROM `pages`[0m
  [4;36;1mSQL (2.6ms)[0m   [0;1mdescribe `pages`[0m
  [4;35;1mSQL (1.1ms)[0m   [0mSHOW KEYS FROM `pages`[0m
  [4;36;1mSQL (1.8ms)[0m   [0;1mSHOW FIELDS FROM `sessions`[0m
  [4;35;1mSQL (1.6ms)[0m   [0mdescribe `sessions`[0m
  [4;36;1mSQL (0.8ms)[0m   [0;1mSHOW KEYS FROM `sessions`[0m
  [4;35;1mSQL (2.3ms)[0m   [0mSHOW FIELDS FROM `snippets`[0m
  [4;36;1mSQL (1.9ms)[0m   [0;1mdescribe `snippets`[0m
  [4;35;1mSQL (0.6ms)[0m   [0mSHOW KEYS FROM `snippets`[0m
  [4;36;1mSQL (2.6ms)[0m   [0;1mSHOW FIELDS FROM `users`[0m
  [4;35;1mSQL (2.9ms)[0m   [0mdescribe `users`[0m
  [4;36;1mSQL (0.9ms)[0m   [0;1mSHOW KEYS FROM `users`[0m
  [4;35;1mSQL (0.7ms)[0m   [0mSHOW TABLES[0m
  [4;36;1mSQL (0.5ms)[0m   [0;1mSELECT version FROM schema_migrations[0m
  [4;35;1mSQL (0.6ms)[0m   [0mSHOW TABLES[0m
  [4;36;1mSQL (1.5ms)[0m   [0;1mSHOW FIELDS FROM `config`[0m
  [4;35;1mSQL (1.5ms)[0m   [0mdescribe `config`[0m
  [4;36;1mSQL (0.7ms)[0m   [0;1mSHOW KEYS FROM `config`[0m
  [4;35;1mSQL (1.5ms)[0m   [0mSHOW FIELDS FROM `extension_meta`[0m
  [4;36;1mSQL (1.6ms)[0m   [0;1mdescribe `extension_meta`[0m
  [4;35;1mSQL (0.7ms)[0m   [0mSHOW KEYS FROM `extension_meta`[0m
  [4;36;1mSQL (1.8ms)[0m   [0;1mSHOW FIELDS FROM `layouts`[0m
  [4;35;1mSQL (1.9ms)[0m   [0mdescribe `layouts`[0m
  [4;36;1mSQL (0.7ms)[0m   [0;1mSHOW KEYS FROM `layouts`[0m
  [4;35;1mSQL (1.5ms)[0m   [0mSHOW FIELDS FROM `page_parts`[0m
  [4;36;1mSQL (1.3ms)[0m   [0;1mdescribe `page_parts`[0m
  [4;35;1mSQL (0.9ms)[0m   [0mSHOW KEYS FROM `page_parts`[0m
  [4;36;1mSQL (2.3ms)[0m   [0;1mSHOW FIELDS FROM `pages`[0m
  [4;35;1mSQL (3.4ms)[0m   [0mdescribe `pages`[0m
  [4;36;1mSQL (1.4ms)[0m   [0;1mSHOW KEYS FROM `pages`[0m
  [4;35;1mSQL (1.4ms)[0m   [0mSHOW FIELDS FROM `sessions`[0m
  [4;36;1mSQL (1.6ms)[0m   [0;1mdescribe `sessions`[0m
  [4;35;1mSQL (1.0ms)[0m   [0mSHOW KEYS FROM `sessions`[0m
  [4;36;1mSQL (1.9ms)[0m   [0;1mSHOW FIELDS FROM `snippets`[0m
  [4;35;1mSQL (1.8ms)[0m   [0mdescribe `snippets`[0m
  [4;36;1mSQL (0.6ms)[0m   [0;1mSHOW KEYS FROM `snippets`[0m
  [4;35;1mSQL (2.6ms)[0m   [0mSHOW FIELDS FROM `users`[0m
  [4;36;1mSQL (2.2ms)[0m   [0;1mdescribe `users`[0m
  [4;35;1mSQL (0.6ms)[0m   [0mSHOW KEYS FROM `users`[0m
  [4;36;1mSQL (0.6ms)[0m   [0;1mSHOW TABLES[0m
  [4;35;1mSQL (0.4ms)[0m   [0mSELECT version FROM schema_migrations[0m
Migrating to CreateRadiantTables (1)
Migrating to InsertInitialData (2)
Migrating to RenameBehaviorColumn (3)
Migrating to RenameFilterColumn (4)
Migrating to AddVirtualColumnToPage (5)
Migrating to IntegerColumnsToBoolean (6)
Migrating to RemoveVirtualColumnFromPage (7)
Migrating to AddVirtualColumnToPageAgain (8)
Migrating to AddContentTypeFieldToLayout (9)
Migrating to MergeBehaviorsAndPages (10)
Migrating to RenameTypeColumnOnPageToClassName (11)
Migrating to CreateExtensionMeta (12)
Migrating to AddNotesFieldToUser (13)
Migrating to RenameConfigDefaultPartsKey (14)
Migrating to AddOptimisticLocking (15)
Migrating to AddSessions (16)
Migrating to RenameCreatedByUpdatedByColumns (17)
Migrating to AddDescriptionAndKeywordsToPages (18)
Migrating to AddSaltToUsers (19)
Migrating to AddSessionInfoToUsers (20)
Migrating to RemoveSessionExpireFromUsers (21)
Migrating to AddIndexes (20081203140407)
Migrating to AddUserLanguage (20090226140109)
Migrating to RenameDeveloperRoleToDesigner (20090929164633)
Migrating to ChangeUserLanguageToLocale (20091003095744)
  [4;36;1mSQL (0.6ms)[0m   [0;1mSHOW TABLES[0m
  [4;35;1mSQL (0.5ms)[0m   [0mSELECT version FROM schema_migrations[0m
  [4;36;1mSQL (0.6ms)[0m   [0;1mSHOW TABLES[0m
  [4;35;1mSQL (1.5ms)[0m   [0mSHOW FIELDS FROM `config`[0m
  [4;36;1mSQL (1.5ms)[0m   [0;1mdescribe `config`[0m
  [4;35;1mSQL (0.7ms)[0m   [0mSHOW KEYS FROM `config`[0m
  [4;36;1mSQL (1.6ms)[0m   [0;1mSHOW FIELDS FROM `extension_meta`[0m
  [4;35;1mSQL (1.5ms)[0m   [0mdescribe `extension_meta`[0m
  [4;36;1mSQL (0.6ms)[0m   [0;1mSHOW KEYS FROM `extension_meta`[0m
  [4;35;1mSQL (1.8ms)[0m   [0mSHOW FIELDS FROM `layouts`[0m
  [4;36;1mSQL (1.9ms)[0m   [0;1mdescribe `layouts`[0m
  [4;35;1mSQL (0.6ms)[0m   [0mSHOW KEYS FROM `layouts`[0m
  [4;36;1mSQL (2.7ms)[0m   [0;1mSHOW FIELDS FROM `page_parts`[0m
  [4;35;1mSQL (1.6ms)[0m   [0mdescribe `page_parts`[0m
  [4;36;1mSQL (0.9ms)[0m   [0;1mSHOW KEYS FROM `page_parts`[0m
  [4;35;1mSQL (2.4ms)[0m   [0mSHOW FIELDS FROM `pages`[0m
  [4;36;1mSQL (2.4ms)[0m   [0;1mdescribe `pages`[0m
  [4;35;1mSQL (0.6ms)[0m   [0mSHOW KEYS FROM `pages`[0m
  [4;36;1mSQL (1.1ms)[0m   [0;1mSHOW FIELDS FROM `sessions`[0m
  [4;35;1mSQL (0.9ms)[0m   [0mdescribe `sessions`[0m
  [4;36;1mSQL (0.4ms)[0m   [0;1mSHOW KEYS FROM `sessions`[0m
  [4;35;1mSQL (1.2ms)[0m   [0mSHOW FIELDS FROM `snippets`[0m
  [4;36;1mSQL (1.2ms)[0m   [0;1mdescribe `snippets`[0m
  [4;35;1mSQL (0.4ms)[0m   [0mSHOW KEYS FROM `snippets`[0m
  [4;36;1mSQL (1.6ms)[0m   [0;1mSHOW FIELDS FROM `users`[0m
  [4;35;1mSQL (1.6ms)[0m   [0mdescribe `users`[0m
  [4;36;1mSQL (0.4ms)[0m   [0;1mSHOW KEYS FROM `users`[0m
  [4;35;1mSQL (0.4ms)[0m   [0mSHOW TABLES[0m
  [4;36;1mSQL (0.3ms)[0m   [0;1mSELECT version FROM schema_migrations[0m
  [4;35;1mSQL (0.3ms)[0m   [0mSHOW TABLES[0m
  [4;36;1mSQL (0.9ms)[0m   [0;1mSHOW FIELDS FROM `config`[0m
  [4;35;1mSQL (0.9ms)[0m   [0mdescribe `config`[0m
  [4;36;1mSQL (0.4ms)[0m   [0;1mSHOW KEYS FROM `config`[0m
  [4;35;1mSQL (1.1ms)[0m   [0mSHOW FIELDS FROM `extension_meta`[0m
  [4;36;1mSQL (1.0ms)[0m   [0;1mdescribe `extension_meta`[0m
  [4;35;1mSQL (0.4ms)[0m   [0mSHOW KEYS FROM `extension_meta`[0m
  [4;36;1mSQL (2.0ms)[0m   [0;1mSHOW FIELDS FROM `layouts`[0m
  [4;35;1mSQL (1.3ms)[0m   [0mdescribe `layouts`[0m
  [4;36;1mSQL (0.4ms)[0m   [0;1mSHOW KEYS FROM `layouts`[0m
  [4;35;1mSQL (1.1ms)[0m   [0mSHOW FIELDS FROM `page_parts`[0m
  [4;36;1mSQL (1.0ms)[0m   [0;1mdescribe `page_parts`[0m
  [4;35;1mSQL (0.4ms)[0m   [0mSHOW KEYS FROM `page_parts`[0m
  [4;36;1mSQL (1.7ms)[0m   [0;1mSHOW FIELDS FROM `pages`[0m
  [4;35;1mSQL (1.7ms)[0m   [0mdescribe `pages`[0m
  [4;36;1mSQL (0.5ms)[0m   [0;1mSHOW KEYS FROM `pages`[0m
  [4;35;1mSQL (1.0ms)[0m   [0mSHOW FIELDS FROM `sessions`[0m
  [4;36;1mSQL (0.9ms)[0m   [0;1mdescribe `sessions`[0m
  [4;35;1mSQL (0.4ms)[0m   [0mSHOW KEYS FROM `sessions`[0m
  [4;36;1mSQL (1.2ms)[0m   [0;1mSHOW FIELDS FROM `snippets`[0m
  [4;35;1mSQL (1.2ms)[0m   [0mdescribe `snippets`[0m
  [4;36;1mSQL (0.4ms)[0m   [0;1mSHOW KEYS FROM `snippets`[0m
  [4;35;1mSQL (1.6ms)[0m   [0mSHOW FIELDS FROM `users`[0m
  [4;36;1mSQL (1.7ms)[0m   [0;1mdescribe `users`[0m
  [4;35;1mSQL (0.4ms)[0m   [0mSHOW KEYS FROM `users`[0m
  [4;36;1mSQL (0.4ms)[0m   [0;1mSHOW TABLES[0m
  [4;35;1mSQL (0.3ms)[0m   [0mSELECT version FROM schema_migrations[0m
  [4;36;1mSQL (0.3ms)[0m   [0;1mSHOW TABLES[0m
  [4;35;1mSQL (0.9ms)[0m   [0mSHOW FIELDS FROM `config`[0m
  [4;36;1mSQL (0.9ms)[0m   [0;1mdescribe `config`[0m
  [4;35;1mSQL (0.4ms)[0m   [0mSHOW KEYS FROM `config`[0m
  [4;36;1mSQL (1.1ms)[0m   [0;1mSHOW FIELDS FROM `extension_meta`[0m
  [4;35;1mSQL (1.0ms)[0m   [0mdescribe `extension_meta`[0m
  [4;36;1mSQL (0.4ms)[0m   [0;1mSHOW KEYS FROM `extension_meta`[0m
  [4;35;1mSQL (1.8ms)[0m   [0mSHOW FIELDS FROM `layouts`[0m
  [4;36;1mSQL (1.2ms)[0m   [0;1mdescribe `layouts`[0m
  [4;35;1mSQL (0.4ms)[0m   [0mSHOW KEYS FROM `layouts`[0m
  [4;36;1mSQL (1.1ms)[0m   [0;1mSHOW FIELDS FROM `page_parts`[0m
  [4;35;1mSQL (1.0ms)[0m   [0mdescribe `page_parts`[0m
  [4;36;1mSQL (0.4ms)[0m   [0;1mSHOW KEYS FROM `page_parts`[0m
  [4;35;1mSQL (1.6ms)[0m   [0mSHOW FIELDS FROM `pages`[0m
  [4;36;1mSQL (1.6ms)[0m   [0;1mdescribe `pages`[0m
  [4;35;1mSQL (0.5ms)[0m   [0mSHOW KEYS FROM `pages`[0m
  [4;36;1mSQL (1.0ms)[0m   [0;1mSHOW FIELDS FROM `sessions`[0m
  [4;35;1mSQL (0.9ms)[0m   [0mdescribe `sessions`[0m
  [4;36;1mSQL (0.4ms)[0m   [0;1mSHOW KEYS FROM `sessions`[0m
  [4;35;1mSQL (1.2ms)[0m   [0mSHOW FIELDS FROM `snippets`[0m
  [4;36;1mSQL (1.2ms)[0m   [0;1mdescribe `snippets`[0m
  [4;35;1mSQL (0.5ms)[0m   [0mSHOW KEYS FROM `snippets`[0m
  [4;36;1mSQL (1.6ms)[0m   [0;1mSHOW FIELDS FROM `users`[0m
  [4;35;1mSQL (1.6ms)[0m   [0mdescribe `users`[0m
  [4;36;1mSQL (0.4ms)[0m   [0;1mSHOW KEYS FROM `users`[0m
  [4;35;1mSQL (0.4ms)[0m   [0mSHOW TABLES[0m
  [4;36;1mSQL (0.3ms)[0m   [0;1mSELECT version FROM schema_migrations[0m
  [4;35;1mSQL (0.3ms)[0m   [0mSHOW TABLES[0m
  [4;36;1mSQL (0.9ms)[0m   [0;1mSHOW FIELDS FROM `config`[0m
  [4;35;1mSQL (0.9ms)[0m   [0mdescribe `config`[0m
  [4;36;1mSQL (0.4ms)[0m   [0;1mSHOW KEYS FROM `config`[0m
  [4;35;1mSQL (1.0ms)[0m   [0mSHOW FIELDS FROM `extension_meta`[0m
  [4;36;1mSQL (1.0ms)[0m   [0;1mdescribe `extension_meta`[0m
  [4;35;1mSQL (0.4ms)[0m   [0mSHOW KEYS FROM `extension_meta`[0m
  [4;36;1mSQL (1.8ms)[0m   [0;1mSHOW FIELDS FROM `layouts`[0m
  [4;35;1mSQL (1.2ms)[0m   [0mdescribe `layouts`[0m
  [4;36;1mSQL (0.4ms)[0m   [0;1mSHOW KEYS FROM `layouts`[0m
  [4;35;1mSQL (1.0ms)[0m   [0mSHOW FIELDS FROM `page_parts`[0m
  [4;36;1mSQL (1.0ms)[0m   [0;1mdescribe `page_parts`[0m
  [4;35;1mSQL (0.4ms)[0m   [0mSHOW KEYS FROM `page_parts`[0m
  [4;36;1mSQL (1.6ms)[0m   [0;1mSHOW FIELDS FROM `pages`[0m
  [4;35;1mSQL (1.5ms)[0m   [0mdescribe `pages`[0m
  [4;36;1mSQL (0.8ms)[0m   [0;1mSHOW KEYS FROM `pages`[0m
  [4;35;1mSQL (0.8ms)[0m   [0mSHOW FIELDS FROM `sessions`[0m
  [4;36;1mSQL (0.9ms)[0m   [0;1mdescribe `sessions`[0m
  [4;35;1mSQL (0.6ms)[0m   [0mSHOW KEYS FROM `sessions`[0m
  [4;36;1mSQL (1.1ms)[0m   [0;1mSHOW FIELDS FROM `snippets`[0m
  [4;35;1mSQL (1.2ms)[0m   [0mdescribe `snippets`[0m
  [4;36;1mSQL (0.5ms)[0m   [0;1mSHOW KEYS FROM `snippets`[0m
  [4;35;1mSQL (1.6ms)[0m   [0mSHOW FIELDS FROM `users`[0m
  [4;36;1mSQL (1.6ms)[0m   [0;1mdescribe `users`[0m
  [4;35;1mSQL (0.4ms)[0m   [0mSHOW KEYS FROM `users`[0m
  [4;36;1mUser Columns (1.8ms)[0m   [0;1mSHOW FIELDS FROM `users`[0m
  [4;35;1mUser Load (0.5ms)[0m   [0mSELECT * FROM `users` WHERE (`users`.`login` = 'HHRy') ORDER BY name LIMIT 1[0m
  [4;36;1mSQL (0.1ms)[0m   [0;1mBEGIN[0m
  [4;35;1mUser Load (0.4ms)[0m   [0mSELECT `users`.id FROM `users` WHERE (`users`.`login` = BINARY 'HHRy') LIMIT 1[0m
  [4;36;1mUser Create (0.4ms)[0m   [0;1mINSERT INTO `users` (`name`, `salt`, `updated_at`, `updated_by_id`, `admin`, `designer`, `lock_version`, `created_by_id`, `notes`, `locale`, `login`, `password`, `session_token`, `email`, `created_at`) VALUES('Ryan Stenhouse', '985fd22d5684b2d370fc86b8c8319ac01770ece3', '2010-05-03 14:58:48', NULL, 1, 0, 0, NULL, NULL, NULL, 'HHRy', '2fe6fe0f4cdd3275a96d4aa2523cbabc8fd3722c', NULL, NULL, '2010-05-03 14:58:48')[0m
  [4;35;1mSQL (4.8ms)[0m   [0mCOMMIT[0m
  [4;36;1mSQL (0.6ms)[0m   [0;1mSHOW TABLES[0m
  [4;35;1mRadiant::Config Load (0.5ms)[0m   [0mSELECT * FROM `config` WHERE (`config`.`key` = 'admin.title') LIMIT 1[0m
  [4;36;1mSQL (0.2ms)[0m   [0;1mBEGIN[0m
  [4;35;1mRadiant::Config Create (0.5ms)[0m   [0mINSERT INTO `config` (`value`, `key`) VALUES('Radiant CMS', 'admin.title')[0m
  [4;36;1mRadiant::Config Load (0.5ms)[0m   [0;1mSELECT * FROM `config` [0m
Cache write: Radiant::Config
Cache write: Radiant.cache_mtime
  [4;35;1mSQL (0.5ms)[0m   [0mCOMMIT[0m
  [4;36;1mSQL (0.5ms)[0m   [0;1mSHOW TABLES[0m
  [4;35;1mRadiant::Config Load (0.5ms)[0m   [0mSELECT * FROM `config` WHERE (`config`.`key` = 'admin.subtitle') LIMIT 1[0m
  [4;36;1mSQL (0.2ms)[0m   [0;1mBEGIN[0m
  [4;35;1mRadiant::Config Create (0.4ms)[0m   [0mINSERT INTO `config` (`value`, `key`) VALUES('Publishing for Small Teams', 'admin.subtitle')[0m
  [4;36;1mRadiant::Config Load (0.4ms)[0m   [0;1mSELECT * FROM `config` [0m
Cache write: Radiant::Config
Cache write: Radiant.cache_mtime
  [4;35;1mSQL (0.5ms)[0m   [0mCOMMIT[0m
  [4;36;1mSQL (0.6ms)[0m   [0;1mSHOW TABLES[0m
  [4;35;1mRadiant::Config Load (0.4ms)[0m   [0mSELECT * FROM `config` WHERE (`config`.`key` = 'defaults.page.parts') LIMIT 1[0m
  [4;36;1mSQL (0.2ms)[0m   [0;1mBEGIN[0m
  [4;35;1mRadiant::Config Create (0.4ms)[0m   [0mINSERT INTO `config` (`value`, `key`) VALUES('body, extended', 'defaults.page.parts')[0m
  [4;36;1mRadiant::Config Load (0.4ms)[0m   [0;1mSELECT * FROM `config` [0m
Cache write: Radiant::Config
Cache write: Radiant.cache_mtime
  [4;35;1mSQL (0.5ms)[0m   [0mCOMMIT[0m
  [4;36;1mSQL (0.6ms)[0m   [0;1mSHOW TABLES[0m
  [4;35;1mRadiant::Config Load (0.5ms)[0m   [0mSELECT * FROM `config` WHERE (`config`.`key` = 'defaults.page.status') LIMIT 1[0m
  [4;36;1mSQL (0.2ms)[0m   [0;1mBEGIN[0m
  [4;35;1mRadiant::Config Create (0.4ms)[0m   [0mINSERT INTO `config` (`value`, `key`) VALUES('draft', 'defaults.page.status')[0m
  [4;36;1mRadiant::Config Load (0.5ms)[0m   [0;1mSELECT * FROM `config` [0m
Cache write: Radiant::Config
Cache write: Radiant.cache_mtime
  [4;35;1mSQL (0.5ms)[0m   [0mCOMMIT[0m
  [4;36;1mSQL (0.5ms)[0m   [0;1mSHOW TABLES[0m
  [4;35;1mRadiant::Config Load (0.4ms)[0m   [0mSELECT * FROM `config` WHERE (`config`.`key` = 'defaults.page.filter') LIMIT 1[0m
  [4;36;1mSQL (0.2ms)[0m   [0;1mBEGIN[0m
  [4;35;1mRadiant::Config Create (0.4ms)[0m   [0mINSERT INTO `config` (`value`, `key`) VALUES('', 'defaults.page.filter')[0m
  [4;36;1mRadiant::Config Load (0.4ms)[0m   [0;1mSELECT * FROM `config` [0m
Cache write: Radiant::Config
Cache write: Radiant.cache_mtime
  [4;35;1mSQL (0.5ms)[0m   [0mCOMMIT[0m
  [4;36;1mSQL (0.5ms)[0m   [0;1mSHOW TABLES[0m
  [4;35;1mRadiant::Config Load (0.6ms)[0m   [0mSELECT * FROM `config` WHERE (`config`.`key` = 'session_timeout') LIMIT 1[0m
  [4;36;1mSQL (0.2ms)[0m   [0;1mBEGIN[0m
  [4;35;1mRadiant::Config Create (0.4ms)[0m   [0mINSERT INTO `config` (`value`, `key`) VALUES('1209600', 'session_timeout')[0m
  [4;36;1mRadiant::Config Load (0.5ms)[0m   [0;1mSELECT * FROM `config` [0m
Cache write: Radiant::Config
Cache write: Radiant.cache_mtime
  [4;35;1mSQL (0.5ms)[0m   [0mCOMMIT[0m
  [4;36;1mSQL (0.6ms)[0m   [0;1mSHOW TABLES[0m
  [4;35;1mRadiant::Config Load (0.4ms)[0m   [0mSELECT * FROM `config` WHERE (`config`.`key` = 'default_locale') LIMIT 1[0m
  [4;36;1mSQL (0.2ms)[0m   [0;1mBEGIN[0m
  [4;35;1mRadiant::Config Create (0.4ms)[0m   [0mINSERT INTO `config` (`value`, `key`) VALUES('en', 'default_locale')[0m
  [4;36;1mRadiant::Config Load (0.4ms)[0m   [0;1mSELECT * FROM `config` [0m
Cache write: Radiant::Config
Cache write: Radiant.cache_mtime
  [4;35;1mSQL (0.4ms)[0m   [0mCOMMIT[0m
